Arguments: 
  /usr/local/Cellar/node/15.5.1/bin/node /usr/local/Cellar/yarn/1.22.10/libexec/bin/yarn.js info

PATH: 
  /usr/local/bin:/usr/bin:/bin:/usr/sbin:/sbin:/Library/Apple/usr/bin:/Applications/Postgres.app/Contents/Versions/latest/bin:/Library/TeX/texbin:/usr/local/Caskroom/miniconda/base/bin:/usr/local/Caskroom/miniconda/base/condabin

Yarn version: 
  1.22.10

Node version: 
  15.5.1

Platform: 
  darwin x64

Trace: 
  TypeError: Cannot read property '1' of null
      at parsePackageName (/usr/local/Cellar/yarn/1.22.10/libexec/lib/cli.js:101136:29)
      at Object.<anonymous> (/usr/local/Cellar/yarn/1.22.10/libexec/lib/cli.js:88791:90)
      at Generator.next (<anonymous>)
      at step (/usr/local/Cellar/yarn/1.22.10/libexec/lib/cli.js:310:30)
      at /usr/local/Cellar/yarn/1.22.10/libexec/lib/cli.js:321:13

npm manifest: 
  {
    "dependencies": {
      "bootstrap": "^5.0.0-beta1"
    }
  }

yarn manifest: 
  No manifest

Lockfile: 
  # THIS IS AN AUTOGENERATED FILE. DO NOT EDIT THIS FILE DIRECTLY.
  # yarn lockfile v1
  
  
  bootstrap@^5.0.0-beta1:
    version "5.0.0-beta1"
    resolved "https://registry.yarnpkg.com/bootstrap/-/bootstrap-5.0.0-beta1.tgz#18135001a452b3ec38b344ac638a1f9549285ee7"
    integrity sha512-UrHApw/WRmT7l2rlDdn5iXr7Jps/LlMZtJlLn9G41aGDfss48hyDeYyHtX1C6NHKVcmdUarGG+ve0LZB5iHyTQ==
